# JRE version: Java(TM) SE Runtime Environment (8.0_121-b13) (build 1.8.0_121-b13)
# Java VM: Java HotSpot(TM) 64-Bit Server VM (25.121-b13 mixed mode windows-amd64 compressed oops)
Heap:
 PSYoungGen      total 371712K, used 34114K [0x00000000d6100000, 0x00000000f5300000, 0x0000000100000000)
  eden space 351232K, 9% used [0x00000000d6100000,0x00000000d8250a38,0x00000000eb800000)
  from space 20480K, 0% used [0x00000000eb800000,0x00000000eb800000,0x00000000ecc00000)
  to   space 20992K, 0% used [0x00000000f3e80000,0x00000000f3e80000,0x00000000f5300000)
 ParOldGen       total 79872K, used 27883K [0x0000000082200000, 0x0000000087000000, 0x00000000d6100000)
  object space 79872K, 34% used [0x0000000082200000,0x0000000083d3ae18,0x0000000087000000)
 Metaspace       used 58578K, capacity 60976K, committed 61272K, reserved 1101824K
  class space    used 8042K, capacity 8489K, committed 8576K, reserved 1048576K
GC Heap History (10 events):
Event: 6.644 GC heap before
{Heap before GC invocations=8 (full 1):
 PSYoungGen      total 229376K, used 89781K [0x00000000d6100000, 0x00000000e7400000, 0x0000000100000000)
  eden space 219648K, 36% used [0x00000000d6100000,0x00000000daf351e8,0x00000000e3780000)
  from space 9728K, 99% used [0x00000000e6a80000,0x00000000e73f85d0,0x00000000e7400000)
  to   space 13824K, 0% used [0x00000000e5900000,0x00000000e5900000,0x00000000e6680000)
 ParOldGen       total 53248K, used 11311K [0x0000000082200000, 0x0000000085600000, 0x00000000d6100000)
  object space 53248K, 21% used [0x0000000082200000,0x0000000082d0bee8,0x0000000085600000)
 Metaspace       used 33965K, capacity 35326K, committed 35416K, reserved 1079296K
  class space    used 4395K, capacity 4700K, committed 4736K, reserved 1048576K
Event: 6.661 GC heap after
Heap after GC invocations=8 (full 1):
 PSYoungGen      total 267776K, used 12107K [0x00000000d6100000, 0x00000000edb00000, 0x0000000100000000)
  eden space 253952K, 0% used [0x00000000d6100000,0x00000000d6100000,0x00000000e5900000)
  from space 13824K, 87% used [0x00000000e5900000,0x00000000e64d2d98,0x00000000e6680000)
  to   space 15360K, 0% used [0x00000000ecc00000,0x00000000ecc00000,0x00000000edb00000)
 ParOldGen       total 53248K, used 11319K [0x0000000082200000, 0x0000000085600000, 0x00000000d6100000)
  object space 53248K, 21% used [0x0000000082200000,0x0000000082d0dee8,0x0000000085600000)
 Metaspace       used 33965K, capacity 35326K, committed 35416K, reserved 1079296K
  class space    used 4395K, capacity 4700K, committed 4736K, reserved 1048576K
}
Event: 6.662 GC heap before
{Heap before GC invocations=9 (full 2):
 PSYoungGen      total 267776K, used 12107K [0x00000000d6100000, 0x00000000edb00000, 0x0000000100000000)
  eden space 253952K, 0% used [0x00000000d6100000,0x00000000d6100000,0x00000000e5900000)
  from space 13824K, 87% used [0x00000000e5900000,0x00000000e64d2d98,0x00000000e6680000)
  to   space 15360K, 0% used [0x00000000ecc00000,0x00000000ecc00000,0x00000000edb00000)
 ParOldGen       total 53248K, used 11319K [0x0000000082200000, 0x0000000085600000, 0x00000000d6100000)
  object space 53248K, 21% used [0x0000000082200000,0x0000000082d0dee8,0x0000000085600000)
 Metaspace       used 33965K, capacity 35326K, committed 35416K, reserved 1079296K
  class space    used 4395K, capacity 4700K, committed 4736K, reserved 1048576K
Event: 6.740 GC heap after
Heap after GC invocations=9 (full 2):
 PSYoungGen      total 267776K, used 0K [0x00000000d6100000, 0x00000000edb00000, 0x0000000100000000)
  eden space 253952K, 0% used [0x00000000d6100000,0x00000000d6100000,0x00000000e5900000)
  from space 13824K, 0% used [0x00000000e5900000,0x00000000e5900000,0x00000000e6680000)
  to   space 15360K, 0% used [0x00000000ecc00000,0x00000000ecc00000,0x00000000edb00000)
 ParOldGen       total 79872K, used 16854K [0x0000000082200000, 0x0000000087000000, 0x00000000d6100000)
  object space 79872K, 21% used [0x0000000082200000,0x0000000083275840,0x0000000087000000)
 Metaspace       used 33965K, capacity 35326K, committed 35416K, reserved 1079296K
  class space    used 4395K, capacity 4700K, committed 4736K, reserved 1048576K
}
Event: 11.215 GC heap before
{Heap before GC invocations=10 (full 2):
 PSYoungGen      total 267776K, used 253952K [0x00000000d6100000, 0x00000000edb00000, 0x0000000100000000)
  eden space 253952K, 100% used [0x00000000d6100000,0x00000000e5900000,0x00000000e5900000)
  from space 13824K, 0% used [0x00000000e5900000,0x00000000e5900000,0x00000000e6680000)
  to   space 15360K, 0% used [0x00000000ecc00000,0x00000000ecc00000,0x00000000edb00000)
 ParOldGen       total 79872K, used 16854K [0x0000000082200000, 0x0000000087000000, 0x00000000d6100000)
  object space 79872K, 21% used [0x0000000082200000,0x0000000083275840,0x0000000087000000)
 Metaspace       used 52295K, capacity 53896K, committed 54104K, reserved 1095680K
  class space    used 7129K, capacity 7455K, committed 7552K, reserved 1048576K
Event: 11.258 GC heap after
Heap after GC invocations=10 (full 2):
 PSYoungGen      total 366592K, used 15335K [0x00000000d6100000, 0x00000000f1700000, 0x0000000100000000)
  eden space 351232K, 0% used [0x00000000d6100000,0x00000000d6100000,0x00000000eb800000)
  from space 15360K, 99% used [0x00000000ecc00000,0x00000000edaf9fe8,0x00000000edb00000)
  to   space 20480K, 0% used [0x00000000eb800000,0x00000000eb800000,0x00000000ecc00000)
 ParOldGen       total 79872K, used 23310K [0x0000000082200000, 0x0000000087000000, 0x00000000d6100000)
  object space 79872K, 29% used [0x0000000082200000,0x00000000838c3888,0x0000000087000000)
 Metaspace       used 52295K, capacity 53896K, committed 54104K, reserved 1095680K
  class space    used 7129K, capacity 7455K, committed 7552K, reserved 1048576K
}
Event: 14.805 GC heap before
{Heap before GC invocations=11 (full 2):
 PSYoungGen      total 366592K, used 262556K [0x00000000d6100000, 0x00000000f1700000, 0x0000000100000000)
  eden space 351232K, 70% used [0x00000000d6100000,0x00000000e526d1f8,0x00000000eb800000)
  from space 15360K, 99% used [0x00000000ecc00000,0x00000000edaf9fe8,0x00000000edb00000)
  to   space 20480K, 0% used [0x00000000eb800000,0x00000000eb800000,0x00000000ecc00000)
 ParOldGen       total 79872K, used 23310K [0x0000000082200000, 0x0000000087000000, 0x00000000d6100000)
  object space 79872K, 29% used [0x0000000082200000,0x00000000838c3888,0x0000000087000000)
 Metaspace       used 56632K, capacity 58924K, committed 59028K, reserved 1099776K
  class space    used 7773K, capacity 8179K, committed 8192K, reserved 1048576K
Event: 14.840 GC heap after
Heap after GC invocations=11 (full 2):
 PSYoungGen      total 371712K, used 14291K [0x00000000d6100000, 0x00000000f5300000, 0x0000000100000000)
  eden space 351232K, 0% used [0x00000000d6100000,0x00000000d6100000,0x00000000eb800000)
  from space 20480K, 69% used [0x00000000eb800000,0x00000000ec5f4e48,0x00000000ecc00000)
  to   space 20992K, 0% used [0x00000000f3e80000,0x00000000f3e80000,0x00000000f5300000)
 ParOldGen       total 79872K, used 23318K [0x0000000082200000, 0x0000000087000000, 0x00000000d6100000)
  object space 79872K, 29% used [0x0000000082200000,0x00000000838c5888,0x0000000087000000)
 Metaspace       used 56632K, capacity 58924K, committed 59028K, reserved 1099776K
  class space    used 7773K, capacity 8179K, committed 8192K, reserved 1048576K
}
Event: 14.840 GC heap before
{Heap before GC invocations=12 (full 3):
 PSYoungGen      total 371712K, used 14291K [0x00000000d6100000, 0x00000000f5300000, 0x0000000100000000)
  eden space 351232K, 0% used [0x00000000d6100000,0x00000000d6100000,0x00000000eb800000)
  from space 20480K, 69% used [0x00000000eb800000,0x00000000ec5f4e48,0x00000000ecc00000)
  to   space 20992K, 0% used [0x00000000f3e80000,0x00000000f3e80000,0x00000000f5300000)
 ParOldGen       total 79872K, used 23318K [0x0000000082200000, 0x0000000087000000, 0x00000000d6100000)
  object space 79872K, 29% used [0x0000000082200000,0x00000000838c5888,0x0000000087000000)
 Metaspace       used 56632K, capacity 58924K, committed 59028K, reserved 1099776K
  class space    used 7773K, capacity 8179K, committed 8192K, reserved 1048576K
Event: 15.104 GC heap after
Heap after GC invocations=12 (full 3):
 PSYoungGen      total 371712K, used 0K [0x00000000d6100000, 0x00000000f5300000, 0x0000000100000000)
  eden space 351232K, 0% used [0x00000000d6100000,0x00000000d6100000,0x00000000eb800000)
  from space 20480K, 0% used [0x00000000eb800000,0x00000000eb800000,0x00000000ecc00000)
  to   space 20992K, 0% used [0x00000000f3e80000,0x00000000f3e80000,0x00000000f5300000)
 ParOldGen       total 79872K, used 27883K [0x0000000082200000, 0x0000000087000000, 0x00000000d6100000)
  object space 79872K, 34% used [0x0000000082200000,0x0000000083d3ae18,0x0000000087000000)
 Metaspace       used 56632K, capacity 58924K, committed 59028K, reserved 1099776K
  class space    used 7773K, capacity 8179K, committed 8192K, reserved 1048576K
}

