# JRE version: Java(TM) SE Runtime Environment (8.0_121-b13) (build 1.8.0_121-b13)
# Java VM: Java HotSpot(TM) 64-Bit Server VM (25.121-b13 mixed mode windows-amd64 compressed oops)
Heap:
 PSYoungGen      total 268800K, used 52902K [0x00000000d6100000, 0x00000000f4500000, 0x0000000100000000)
  eden space 254976K, 20% used [0x00000000d6100000,0x00000000d94a9858,0x00000000e5a00000)
  from space 13824K, 0% used [0x00000000e5a00000,0x00000000e5a00000,0x00000000e6780000)
  to   space 15872K, 0% used [0x00000000f3580000,0x00000000f3580000,0x00000000f4500000)
 ParOldGen       total 47104K, used 17706K [0x0000000082200000, 0x0000000085000000, 0x00000000d6100000)
  object space 47104K, 37% used [0x0000000082200000,0x000000008334a820,0x0000000085000000)
 Metaspace       used 35056K, capacity 36482K, committed 36648K, reserved 1081344K
  class space    used 4563K, capacity 4860K, committed 4912K, reserved 1048576K
GC Heap History (10 events):
Event: 1.415 GC heap before
{Heap before GC invocations=5 (full 0):
 PSYoungGen      total 136192K, used 14412K [0x00000000d6100000, 0x00000000deb00000, 0x0000000100000000)
  eden space 131072K, 7% used [0x00000000d6100000,0x00000000d6a1ab78,0x00000000de100000)
  from space 5120K, 99% used [0x00000000de600000,0x00000000deaf8720,0x00000000deb00000)
  to   space 5120K, 0% used [0x00000000de100000,0x00000000de100000,0x00000000de600000)
 ParOldGen       total 86016K, used 7357K [0x0000000082200000, 0x0000000087600000, 0x00000000d6100000)
  object space 86016K, 8% used [0x0000000082200000,0x000000008292f560,0x0000000087600000)
 Metaspace       used 20713K, capacity 21196K, committed 21296K, reserved 1067008K
  class space    used 2676K, capacity 2829K, committed 2864K, reserved 1048576K
Event: 1.420 GC heap after
Heap after GC invocations=5 (full 0):
 PSYoungGen      total 136192K, used 5094K [0x00000000d6100000, 0x00000000e7500000, 0x0000000100000000)
  eden space 131072K, 0% used [0x00000000d6100000,0x00000000d6100000,0x00000000de100000)
  from space 5120K, 99% used [0x00000000de100000,0x00000000de5f9af0,0x00000000de600000)
  to   space 10240K, 0% used [0x00000000e6b00000,0x00000000e6b00000,0x00000000e7500000)
 ParOldGen       total 86016K, used 7484K [0x0000000082200000, 0x0000000087600000, 0x00000000d6100000)
  object space 86016K, 8% used [0x0000000082200000,0x000000008294f1b0,0x0000000087600000)
 Metaspace       used 20713K, capacity 21196K, committed 21296K, reserved 1067008K
  class space    used 2676K, capacity 2829K, committed 2864K, reserved 1048576K
}
Event: 1.420 GC heap before
{Heap before GC invocations=6 (full 1):
 PSYoungGen      total 136192K, used 5094K [0x00000000d6100000, 0x00000000e7500000, 0x0000000100000000)
  eden space 131072K, 0% used [0x00000000d6100000,0x00000000d6100000,0x00000000de100000)
  from space 5120K, 99% used [0x00000000de100000,0x00000000de5f9af0,0x00000000de600000)
  to   space 10240K, 0% used [0x00000000e6b00000,0x00000000e6b00000,0x00000000e7500000)
 ParOldGen       total 86016K, used 7484K [0x0000000082200000, 0x0000000087600000, 0x00000000d6100000)
  object space 86016K, 8% used [0x0000000082200000,0x000000008294f1b0,0x0000000087600000)
 Metaspace       used 20713K, capacity 21196K, committed 21296K, reserved 1067008K
  class space    used 2676K, capacity 2829K, committed 2864K, reserved 1048576K
Event: 1.440 GC heap after
Heap after GC invocations=6 (full 1):
 PSYoungGen      total 136192K, used 0K [0x00000000d6100000, 0x00000000e7500000, 0x0000000100000000)
  eden space 131072K, 0% used [0x00000000d6100000,0x00000000d6100000,0x00000000de100000)
  from space 5120K, 0% used [0x00000000de100000,0x00000000de100000,0x00000000de600000)
  to   space 10240K, 0% used [0x00000000e6b00000,0x00000000e6b00000,0x00000000e7500000)
 ParOldGen       total 47104K, used 5846K [0x0000000082200000, 0x0000000085000000, 0x00000000d6100000)
  object space 47104K, 12% used [0x0000000082200000,0x00000000827b5b38,0x0000000085000000)
 Metaspace       used 20713K, capacity 21196K, committed 21296K, reserved 1067008K
  class space    used 2676K, capacity 2829K, committed 2864K, reserved 1048576K
}
Event: 2.447 GC heap before
{Heap before GC invocations=7 (full 1):
 PSYoungGen      total 136192K, used 131072K [0x00000000d6100000, 0x00000000e7500000, 0x0000000100000000)
  eden space 131072K, 100% used [0x00000000d6100000,0x00000000de100000,0x00000000de100000)
  from space 5120K, 0% used [0x00000000de100000,0x00000000de100000,0x00000000de600000)
  to   space 10240K, 0% used [0x00000000e6b00000,0x00000000e6b00000,0x00000000e7500000)
 ParOldGen       total 47104K, used 5854K [0x0000000082200000, 0x0000000085000000, 0x00000000d6100000)
  object space 47104K, 12% used [0x0000000082200000,0x00000000827b7b10,0x0000000085000000)
 Metaspace       used 29678K, capacity 30928K, committed 31024K, reserved 1077248K
  class space    used 3858K, capacity 4111K, committed 4144K, reserved 1048576K
Event: 2.464 GC heap after
Heap after GC invocations=7 (full 1):
 PSYoungGen      total 258560K, used 10220K [0x00000000d6100000, 0x00000000e7500000, 0x0000000100000000)
  eden space 248320K, 0% used [0x00000000d6100000,0x00000000d6100000,0x00000000e5380000)
  from space 10240K, 99% used [0x00000000e6b00000,0x00000000e74fb088,0x00000000e7500000)
  to   space 13824K, 0% used [0x00000000e5a00000,0x00000000e5a00000,0x00000000e6780000)
 ParOldGen       total 47104K, used 9243K [0x0000000082200000, 0x0000000085000000, 0x00000000d6100000)
  object space 47104K, 19% used [0x0000000082200000,0x0000000082b06ef8,0x0000000085000000)
 Metaspace       used 29678K, capacity 30928K, committed 31024K, reserved 1077248K
  class space    used 3858K, capacity 4111K, committed 4144K, reserved 1048576K
}
Event: 3.478 GC heap before
{Heap before GC invocations=8 (full 1):
 PSYoungGen      total 258560K, used 106569K [0x00000000d6100000, 0x00000000e7500000, 0x0000000100000000)
  eden space 248320K, 38% used [0x00000000d6100000,0x00000000dbf17630,0x00000000e5380000)
  from space 10240K, 99% used [0x00000000e6b00000,0x00000000e74fb088,0x00000000e7500000)
  to   space 13824K, 0% used [0x00000000e5a00000,0x00000000e5a00000,0x00000000e6780000)
 ParOldGen       total 47104K, used 9243K [0x0000000082200000, 0x0000000085000000, 0x00000000d6100000)
  object space 47104K, 19% used [0x0000000082200000,0x0000000082b06ef8,0x0000000085000000)
 Metaspace       used 34009K, capacity 35382K, committed 35496K, reserved 1079296K
  class space    used 4403K, capacity 4700K, committed 4784K, reserved 1048576K
Event: 3.511 GC heap after
Heap after GC invocations=8 (full 1):
 PSYoungGen      total 268800K, used 13052K [0x00000000d6100000, 0x00000000f4500000, 0x0000000100000000)
  eden space 254976K, 0% used [0x00000000d6100000,0x00000000d6100000,0x00000000e5a00000)
  from space 13824K, 94% used [0x00000000e5a00000,0x00000000e66bf248,0x00000000e6780000)
  to   space 15872K, 0% used [0x00000000f3580000,0x00000000f3580000,0x00000000f4500000)
 ParOldGen       total 47104K, used 9251K [0x0000000082200000, 0x0000000085000000, 0x00000000d6100000)
  object space 47104K, 19% used [0x0000000082200000,0x0000000082b08ef8,0x0000000085000000)
 Metaspace       used 34009K, capacity 35382K, committed 35496K, reserved 1079296K
  class space    used 4403K, capacity 4700K, committed 4784K, reserved 1048576K
}
Event: 3.511 GC heap before
{Heap before GC invocations=9 (full 2):
 PSYoungGen      total 268800K, used 13052K [0x00000000d6100000, 0x00000000f4500000, 0x0000000100000000)
  eden space 254976K, 0% used [0x00000000d6100000,0x00000000d6100000,0x00000000e5a00000)
  from space 13824K, 94% used [0x00000000e5a00000,0x00000000e66bf248,0x00000000e6780000)
  to   space 15872K, 0% used [0x00000000f3580000,0x00000000f3580000,0x00000000f4500000)
 ParOldGen       total 47104K, used 9251K [0x0000000082200000, 0x0000000085000000, 0x00000000d6100000)
  object space 47104K, 19% used [0x0000000082200000,0x0000000082b08ef8,0x0000000085000000)
 Metaspace       used 34009K, capacity 35382K, committed 35496K, reserved 1079296K
  class space    used 4403K, capacity 4700K, committed 4784K, reserved 1048576K
Event: 3.567 GC heap after
Heap after GC invocations=9 (full 2):
 PSYoungGen      total 268800K, used 0K [0x00000000d6100000, 0x00000000f4500000, 0x0000000100000000)
  eden space 254976K, 0% used [0x00000000d6100000,0x00000000d6100000,0x00000000e5a00000)
  from space 13824K, 0% used [0x00000000e5a00000,0x00000000e5a00000,0x00000000e6780000)
  to   space 15872K, 0% used [0x00000000f3580000,0x00000000f3580000,0x00000000f4500000)
 ParOldGen       total 47104K, used 17706K [0x0000000082200000, 0x0000000085000000, 0x00000000d6100000)
  object space 47104K, 37% used [0x0000000082200000,0x000000008334a820,0x0000000085000000)
 Metaspace       used 34009K, capacity 35382K, committed 35496K, reserved 1079296K
  class space    used 4403K, capacity 4700K, committed 4784K, reserved 1048576K
}

