# JRE version: Java(TM) SE Runtime Environment (8.0_121-b13) (build 1.8.0_121-b13)
# Java VM: Java HotSpot(TM) 64-Bit Server VM (25.121-b13 mixed mode windows-amd64 compressed oops)
Heap:
 PSYoungGen      total 391168K, used 214152K [0x00000000d6100000, 0x00000000f1180000, 0x0000000100000000)
  eden space 361984K, 59% used [0x00000000d6100000,0x00000000e3222260,0x00000000ec280000)
  from space 29184K, 0% used [0x00000000ec280000,0x00000000ec280000,0x00000000edf00000)
  to   space 30208K, 0% used [0x00000000ef400000,0x00000000ef400000,0x00000000f1180000)
 ParOldGen       total 162304K, used 55824K [0x0000000082200000, 0x000000008c080000, 0x00000000d6100000)
  object space 162304K, 34% used [0x0000000082200000,0x0000000085884188,0x000000008c080000)
 Metaspace       used 74746K, capacity 77498K, committed 77952K, reserved 1116160K
  class space    used 9918K, capacity 10510K, committed 10624K, reserved 1048576K
GC Heap History (10 events):
Event: 19.369 GC heap before
{Heap before GC invocations=10 (full 1):
 PSYoungGen      total 282112K, used 214052K [0x00000000d6100000, 0x00000000e9300000, 0x0000000100000000)
  eden space 258560K, 82% used [0x00000000d6100000,0x00000000e32093c0,0x00000000e5d80000)
  from space 23552K, 0% used [0x00000000e7700000,0x00000000e7700000,0x00000000e8e00000)
  to   space 26112K, 0% used [0x00000000e5d80000,0x00000000e5d80000,0x00000000e7700000)
 ParOldGen       total 82432K, used 29239K [0x0000000082200000, 0x0000000087280000, 0x00000000d6100000)
  object space 82432K, 35% used [0x0000000082200000,0x0000000083e8dcd0,0x0000000087280000)
 Metaspace       used 34405K, capacity 35434K, committed 35496K, reserved 1081344K
  class space    used 4271K, capacity 4588K, committed 4608K, reserved 1048576K
Event: 19.432 GC heap after
Heap after GC invocations=10 (full 1):
 PSYoungGen      total 284672K, used 17919K [0x00000000d6100000, 0x00000000efd80000, 0x0000000100000000)
  eden space 258560K, 0% used [0x00000000d6100000,0x00000000d6100000,0x00000000e5d80000)
  from space 26112K, 68% used [0x00000000e5d80000,0x00000000e6effd48,0x00000000e7700000)
  to   space 26624K, 0% used [0x00000000ee380000,0x00000000ee380000,0x00000000efd80000)
 ParOldGen       total 82432K, used 29255K [0x0000000082200000, 0x0000000087280000, 0x00000000d6100000)
  object space 82432K, 35% used [0x0000000082200000,0x0000000083e91cd0,0x0000000087280000)
 Metaspace       used 34405K, capacity 35434K, committed 35496K, reserved 1081344K
  class space    used 4271K, capacity 4588K, committed 4608K, reserved 1048576K
}
Event: 19.432 GC heap before
{Heap before GC invocations=11 (full 2):
 PSYoungGen      total 284672K, used 17919K [0x00000000d6100000, 0x00000000efd80000, 0x0000000100000000)
  eden space 258560K, 0% used [0x00000000d6100000,0x00000000d6100000,0x00000000e5d80000)
  from space 26112K, 68% used [0x00000000e5d80000,0x00000000e6effd48,0x00000000e7700000)
  to   space 26624K, 0% used [0x00000000ee380000,0x00000000ee380000,0x00000000efd80000)
 ParOldGen       total 82432K, used 29255K [0x0000000082200000, 0x0000000087280000, 0x00000000d6100000)
  object space 82432K, 35% used [0x0000000082200000,0x0000000083e91cd0,0x0000000087280000)
 Metaspace       used 34405K, capacity 35434K, committed 35496K, reserved 1081344K
  class space    used 4271K, capacity 4588K, committed 4608K, reserved 1048576K
Event: 19.895 GC heap after
Heap after GC invocations=11 (full 2):
 PSYoungGen      total 284672K, used 0K [0x00000000d6100000, 0x00000000efd80000, 0x0000000100000000)
  eden space 258560K, 0% used [0x00000000d6100000,0x00000000d6100000,0x00000000e5d80000)
  from space 26112K, 0% used [0x00000000e5d80000,0x00000000e5d80000,0x00000000e7700000)
  to   space 26624K, 0% used [0x00000000ee380000,0x00000000ee380000,0x00000000efd80000)
 ParOldGen       total 123904K, used 45350K [0x0000000082200000, 0x0000000089b00000, 0x00000000d6100000)
  object space 123904K, 36% used [0x0000000082200000,0x0000000084e49b30,0x0000000089b00000)
 Metaspace       used 34405K, capacity 35434K, committed 35496K, reserved 1081344K
  class space    used 4271K, capacity 4588K, committed 4608K, reserved 1048576K
}
Event: 23.157 GC heap before
{Heap before GC invocations=12 (full 2):
 PSYoungGen      total 284672K, used 258560K [0x00000000d6100000, 0x00000000efd80000, 0x0000000100000000)
  eden space 258560K, 100% used [0x00000000d6100000,0x00000000e5d80000,0x00000000e5d80000)
  from space 26112K, 0% used [0x00000000e5d80000,0x00000000e5d80000,0x00000000e7700000)
  to   space 26624K, 0% used [0x00000000ee380000,0x00000000ee380000,0x00000000efd80000)
 ParOldGen       total 123904K, used 45350K [0x0000000082200000, 0x0000000089b00000, 0x00000000d6100000)
  object space 123904K, 36% used [0x0000000082200000,0x0000000084e49b30,0x0000000089b00000)
 Metaspace       used 50956K, capacity 52842K, committed 52992K, reserved 1095680K
  class space    used 6409K, capacity 6906K, committed 6912K, reserved 1048576K
Event: 23.198 GC heap after
Heap after GC invocations=12 (full 2):
 PSYoungGen      total 339456K, used 24203K [0x00000000d6100000, 0x00000000efb80000, 0x0000000100000000)
  eden space 314880K, 0% used [0x00000000d6100000,0x00000000d6100000,0x00000000e9480000)
  from space 24576K, 98% used [0x00000000ee380000,0x00000000efb22da8,0x00000000efb80000)
  to   space 29184K, 0% used [0x00000000ec280000,0x00000000ec280000,0x00000000edf00000)
 ParOldGen       total 123904K, used 45422K [0x0000000082200000, 0x0000000089b00000, 0x00000000d6100000)
  object space 123904K, 36% used [0x0000000082200000,0x0000000084e5bb40,0x0000000089b00000)
 Metaspace       used 50956K, capacity 52842K, committed 52992K, reserved 1095680K
  class space    used 6409K, capacity 6906K, committed 6912K, reserved 1048576K
}
Event: 25.415 GC heap before
{Heap before GC invocations=13 (full 2):
 PSYoungGen      total 339456K, used 108308K [0x00000000d6100000, 0x00000000efb80000, 0x0000000100000000)
  eden space 314880K, 26% used [0x00000000d6100000,0x00000000db322418,0x00000000e9480000)
  from space 24576K, 98% used [0x00000000ee380000,0x00000000efb22da8,0x00000000efb80000)
  to   space 29184K, 0% used [0x00000000ec280000,0x00000000ec280000,0x00000000edf00000)
 ParOldGen       total 123904K, used 45422K [0x0000000082200000, 0x0000000089b00000, 0x00000000d6100000)
  object space 123904K, 36% used [0x0000000082200000,0x0000000084e5bb40,0x0000000089b00000)
 Metaspace       used 56686K, capacity 59130K, committed 59160K, reserved 1101824K
  class space    used 7200K, capacity 7782K, committed 7808K, reserved 1048576K
Event: 25.449 GC heap after
Heap after GC invocations=13 (full 2):
 PSYoungGen      total 391168K, used 20516K [0x00000000d6100000, 0x00000000f1180000, 0x0000000100000000)
  eden space 361984K, 0% used [0x00000000d6100000,0x00000000d6100000,0x00000000ec280000)
  from space 29184K, 70% used [0x00000000ec280000,0x00000000ed689250,0x00000000edf00000)
  to   space 30208K, 0% used [0x00000000ef400000,0x00000000ef400000,0x00000000f1180000)
 ParOldGen       total 123904K, used 45430K [0x0000000082200000, 0x0000000089b00000, 0x00000000d6100000)
  object space 123904K, 36% used [0x0000000082200000,0x0000000084e5db40,0x0000000089b00000)
 Metaspace       used 56686K, capacity 59130K, committed 59160K, reserved 1101824K
  class space    used 7200K, capacity 7782K, committed 7808K, reserved 1048576K
}
Event: 25.449 GC heap before
{Heap before GC invocations=14 (full 3):
 PSYoungGen      total 391168K, used 20516K [0x00000000d6100000, 0x00000000f1180000, 0x0000000100000000)
  eden space 361984K, 0% used [0x00000000d6100000,0x00000000d6100000,0x00000000ec280000)
  from space 29184K, 70% used [0x00000000ec280000,0x00000000ed689250,0x00000000edf00000)
  to   space 30208K, 0% used [0x00000000ef400000,0x00000000ef400000,0x00000000f1180000)
 ParOldGen       total 123904K, used 45430K [0x0000000082200000, 0x0000000089b00000, 0x00000000d6100000)
  object space 123904K, 36% used [0x0000000082200000,0x0000000084e5db40,0x0000000089b00000)
 Metaspace       used 56686K, capacity 59130K, committed 59160K, reserved 1101824K
  class space    used 7200K, capacity 7782K, committed 7808K, reserved 1048576K
Event: 25.730 GC heap after
Heap after GC invocations=14 (full 3):
 PSYoungGen      total 391168K, used 0K [0x00000000d6100000, 0x00000000f1180000, 0x0000000100000000)
  eden space 361984K, 0% used [0x00000000d6100000,0x00000000d6100000,0x00000000ec280000)
  from space 29184K, 0% used [0x00000000ec280000,0x00000000ec280000,0x00000000edf00000)
  to   space 30208K, 0% used [0x00000000ef400000,0x00000000ef400000,0x00000000f1180000)
 ParOldGen       total 162304K, used 55824K [0x0000000082200000, 0x000000008c080000, 0x00000000d6100000)
  object space 162304K, 34% used [0x0000000082200000,0x0000000085884188,0x000000008c080000)
 Metaspace       used 56686K, capacity 59130K, committed 59160K, reserved 1101824K
  class space    used 7200K, capacity 7782K, committed 7808K, reserved 1048576K
}

