# JRE version: Java(TM) SE Runtime Environment (8.0_121-b13) (build 1.8.0_121-b13)
# Java VM: Java HotSpot(TM) 64-Bit Server VM (25.121-b13 mixed mode windows-amd64 compressed oops)
Heap:
 PSYoungGen      total 70656K, used 61112K [0x00000000d6100000, 0x00000000dab00000, 0x0000000100000000)
  eden space 65536K, 85% used [0x00000000d6100000,0x00000000d97ae370,0x00000000da100000)
  from space 5120K, 100% used [0x00000000da600000,0x00000000dab00000,0x00000000dab00000)
  to   space 5120K, 0% used [0x00000000da100000,0x00000000da100000,0x00000000da600000)
 ParOldGen       total 86016K, used 33892K [0x0000000082200000, 0x0000000087600000, 0x00000000d6100000)
  object space 86016K, 39% used [0x0000000082200000,0x0000000084319348,0x0000000087600000)
 Metaspace       used 19282K, capacity 19854K, committed 20096K, reserved 1067008K
  class space    used 2251K, capacity 2410K, committed 2432K, reserved 1048576K
GC Heap History (10 events):
Event: 0.742 GC heap before
{Heap before GC invocations=2 (full 0):
 PSYoungGen      total 37888K, used 37484K [0x00000000d6100000, 0x00000000dab00000, 0x0000000100000000)
  eden space 32768K, 100% used [0x00000000d6100000,0x00000000d8100000,0x00000000d8100000)
  from space 5120K, 92% used [0x00000000d8100000,0x00000000d859b168,0x00000000d8600000)
  to   space 5120K, 0% used [0x00000000da600000,0x00000000da600000,0x00000000dab00000)
 ParOldGen       total 86016K, used 8K [0x0000000082200000, 0x0000000087600000, 0x00000000d6100000)
  object space 86016K, 0% used [0x0000000082200000,0x0000000082202000,0x0000000087600000)
 Metaspace       used 11844K, capacity 12046K, committed 12416K, reserved 1060864K
  class space    used 1501K, capacity 1605K, committed 1664K, reserved 1048576K
Event: 0.748 GC heap after
Heap after GC invocations=2 (full 0):
 PSYoungGen      total 70656K, used 5106K [0x00000000d6100000, 0x00000000dab00000, 0x0000000100000000)
  eden space 65536K, 0% used [0x00000000d6100000,0x00000000d6100000,0x00000000da100000)
  from space 5120K, 99% used [0x00000000da600000,0x00000000daafc928,0x00000000dab00000)
  to   space 5120K, 0% used [0x00000000da100000,0x00000000da100000,0x00000000da600000)
 ParOldGen       total 86016K, used 2241K [0x0000000082200000, 0x0000000087600000, 0x00000000d6100000)
  object space 86016K, 2% used [0x0000000082200000,0x00000000824307d8,0x0000000087600000)
 Metaspace       used 11844K, capacity 12046K, committed 12416K, reserved 1060864K
  class space    used 1501K, capacity 1605K, committed 1664K, reserved 1048576K
}
Event: 1.372 GC heap before
{Heap before GC invocations=3 (full 0):
 PSYoungGen      total 70656K, used 70642K [0x00000000d6100000, 0x00000000dab00000, 0x0000000100000000)
  eden space 65536K, 100% used [0x00000000d6100000,0x00000000da100000,0x00000000da100000)
  from space 5120K, 99% used [0x00000000da600000,0x00000000daafc928,0x00000000dab00000)
  to   space 5120K, 0% used [0x00000000da100000,0x00000000da100000,0x00000000da600000)
 ParOldGen       total 86016K, used 2241K [0x0000000082200000, 0x0000000087600000, 0x00000000d6100000)
  object space 86016K, 2% used [0x0000000082200000,0x00000000824307d8,0x0000000087600000)
 Metaspace       used 14551K, capacity 14766K, committed 14976K, reserved 1062912K
  class space    used 1778K, capacity 1877K, committed 1920K, reserved 1048576K
Event: 1.390 GC heap after
Heap after GC invocations=3 (full 0):
 PSYoungGen      total 70656K, used 5104K [0x00000000d6100000, 0x00000000dab00000, 0x0000000100000000)
  eden space 65536K, 0% used [0x00000000d6100000,0x00000000d6100000,0x00000000da100000)
  from space 5120K, 99% used [0x00000000da100000,0x00000000da5fc030,0x00000000da600000)
  to   space 5120K, 0% used [0x00000000da600000,0x00000000da600000,0x00000000dab00000)
 ParOldGen       total 86016K, used 12052K [0x0000000082200000, 0x0000000087600000, 0x00000000d6100000)
  object space 86016K, 14% used [0x0000000082200000,0x0000000082dc5250,0x0000000087600000)
 Metaspace       used 14551K, capacity 14766K, committed 14976K, reserved 1062912K
  class space    used 1778K, capacity 1877K, committed 1920K, reserved 1048576K
}
Event: 1.660 GC heap before
{Heap before GC invocations=4 (full 0):
 PSYoungGen      total 70656K, used 70640K [0x00000000d6100000, 0x00000000dab00000, 0x0000000100000000)
  eden space 65536K, 100% used [0x00000000d6100000,0x00000000da100000,0x00000000da100000)
  from space 5120K, 99% used [0x00000000da100000,0x00000000da5fc030,0x00000000da600000)
  to   space 5120K, 0% used [0x00000000da600000,0x00000000da600000,0x00000000dab00000)
 ParOldGen       total 86016K, used 12052K [0x0000000082200000, 0x0000000087600000, 0x00000000d6100000)
  object space 86016K, 14% used [0x0000000082200000,0x0000000082dc5250,0x0000000087600000)
 Metaspace       used 14748K, capacity 14970K, committed 15232K, reserved 1062912K
  class space    used 1779K, capacity 1879K, committed 1920K, reserved 1048576K
Event: 1.676 GC heap after
Heap after GC invocations=4 (full 0):
 PSYoungGen      total 70656K, used 5104K [0x00000000d6100000, 0x00000000dab00000, 0x0000000100000000)
  eden space 65536K, 0% used [0x00000000d6100000,0x00000000d6100000,0x00000000da100000)
  from space 5120K, 99% used [0x00000000da600000,0x00000000daafc030,0x00000000dab00000)
  to   space 5120K, 0% used [0x00000000da100000,0x00000000da100000,0x00000000da600000)
 ParOldGen       total 86016K, used 21008K [0x0000000082200000, 0x0000000087600000, 0x00000000d6100000)
  object space 86016K, 24% used [0x0000000082200000,0x0000000083684300,0x0000000087600000)
 Metaspace       used 14748K, capacity 14970K, committed 15232K, reserved 1062912K
  class space    used 1779K, capacity 1879K, committed 1920K, reserved 1048576K
}
Event: 2.030 GC heap before
{Heap before GC invocations=5 (full 0):
 PSYoungGen      total 70656K, used 70640K [0x00000000d6100000, 0x00000000dab00000, 0x0000000100000000)
  eden space 65536K, 100% used [0x00000000d6100000,0x00000000da100000,0x00000000da100000)
  from space 5120K, 99% used [0x00000000da600000,0x00000000daafc030,0x00000000dab00000)
  to   space 5120K, 0% used [0x00000000da100000,0x00000000da100000,0x00000000da600000)
 ParOldGen       total 86016K, used 21008K [0x0000000082200000, 0x0000000087600000, 0x00000000d6100000)
  object space 86016K, 24% used [0x0000000082200000,0x0000000083684300,0x0000000087600000)
 Metaspace       used 15389K, capacity 15602K, committed 15744K, reserved 1062912K
  class space    used 1830K, capacity 1915K, committed 1920K, reserved 1048576K
Event: 2.043 GC heap after
Heap after GC invocations=5 (full 0):
 PSYoungGen      total 70656K, used 5120K [0x00000000d6100000, 0x00000000dab00000, 0x0000000100000000)
  eden space 65536K, 0% used [0x00000000d6100000,0x00000000d6100000,0x00000000da100000)
  from space 5120K, 100% used [0x00000000da100000,0x00000000da600000,0x00000000da600000)
  to   space 5120K, 0% used [0x00000000da600000,0x00000000da600000,0x00000000dab00000)
 ParOldGen       total 86016K, used 28345K [0x0000000082200000, 0x0000000087600000, 0x00000000d6100000)
  object space 86016K, 32% used [0x0000000082200000,0x0000000083dae738,0x0000000087600000)
 Metaspace       used 15389K, capacity 15602K, committed 15744K, reserved 1062912K
  class space    used 1830K, capacity 1915K, committed 1920K, reserved 1048576K
}
Event: 2.693 GC heap before
{Heap before GC invocations=6 (full 0):
 PSYoungGen      total 70656K, used 70656K [0x00000000d6100000, 0x00000000dab00000, 0x0000000100000000)
  eden space 65536K, 100% used [0x00000000d6100000,0x00000000da100000,0x00000000da100000)
  from space 5120K, 100% used [0x00000000da100000,0x00000000da600000,0x00000000da600000)
  to   space 5120K, 0% used [0x00000000da600000,0x00000000da600000,0x00000000dab00000)
 ParOldGen       total 86016K, used 28345K [0x0000000082200000, 0x0000000087600000, 0x00000000d6100000)
  object space 86016K, 32% used [0x0000000082200000,0x0000000083dae738,0x0000000087600000)
 Metaspace       used 17703K, capacity 18150K, committed 18304K, reserved 1064960K
  class space    used 2032K, capacity 2162K, committed 2176K, reserved 1048576K
Event: 2.708 GC heap after
Heap after GC invocations=6 (full 0):
 PSYoungGen      total 70656K, used 5120K [0x00000000d6100000, 0x00000000dab00000, 0x0000000100000000)
  eden space 65536K, 0% used [0x00000000d6100000,0x00000000d6100000,0x00000000da100000)
  from space 5120K, 100% used [0x00000000da600000,0x00000000dab00000,0x00000000dab00000)
  to   space 5120K, 0% used [0x00000000da100000,0x00000000da100000,0x00000000da600000)
 ParOldGen       total 86016K, used 33892K [0x0000000082200000, 0x0000000087600000, 0x00000000d6100000)
  object space 86016K, 39% used [0x0000000082200000,0x0000000084319348,0x0000000087600000)
 Metaspace       used 17703K, capacity 18150K, committed 18304K, reserved 1064960K
  class space    used 2032K, capacity 2162K, committed 2176K, reserved 1048576K
}

